[2024-12-12 08:52:26] [1] [WARN] Reporting disabled: using no op test run registrar
[2024-12-12 08:52:26] [1] [ERROR] For some reason test method not found using reflection: addNewWord
[2024-12-12 08:52:26] [1] [INFO] TEST [RimworldTest - addNewWord] STARTED at [17:52:26 2024-12-12]
[2024-12-12 08:52:26] [1] [WARN] Override property for current test 'capabilities.app=C:\Users\lauta\Desktop\Prog\takoboto.apk'!
[2024-12-12 08:52:26] [1] [INFO] Starting driver session...
[2024-12-12 08:52:26] [1] [ERROR] Failed to attach artifact reference 'app' to test run because it has not been started yet.
[2024-12-12 08:52:35] [1] [INFO] Driver session started.
[2024-12-12 08:52:38] [1] [INFO] PASS: element 'options' is clicked.
[2024-12-12 08:53:00] [1] [ERROR] FAIL: click - waitCondition for element 'titleTextView (By.id: titleTextView)' not satisfied!
[2024-12-12 08:53:00] [1] [ERROR] For some reason test method not found using reflection: addNewWord
[2024-12-12 08:53:00] [1] [ERROR] TEST [RimworldTest - addNewWord] FAILED at [17:53:00 2024-12-12] - no such element By.id: titleTextView
For documentation on this error, please visit: https://www.selenium.dev/documentation/webdriver/troubleshooting/errors#no-such-element-exception
Build info: version: '4.12.0', revision: '249f2a7d1b*'
System info: os.name: 'Windows 11', os.arch: 'amd64', os.version: '10.0', java.version: '20.0.1'
Driver info: driver.version: unknown

com.zebrunner.carina.webdriver.locator.ExtendedElementLocator.findElement(ExtendedElementLocator.java:157)
org.openqa.selenium.support.pagefactory.internal.LocatingElementHandler.invoke(LocatingElementHandler.java:38)
jdk.proxy2/jdk.proxy2.$Proxy90.click(Unknown Source)
com.zebrunner.carina.webdriver.decorator.ExtendedWebElement$3.doClick(ExtendedWebElement.java:1537)
com.zebrunner.carina.webdriver.decorator.ExtendedWebElement.executeAction(ExtendedWebElement.java:1397)
com.zebrunner.carina.webdriver.decorator.ExtendedWebElement.overrideAction(ExtendedWebElement.java:1531)
com.zebrunner.carina.webdriver.decorator.ExtendedWebElement.doAction(ExtendedWebElement.java:1510)
com.zebrunner.carina.webdriver.decorator.ExtendedWebElement.doAction(ExtendedWebElement.java:1487)
com.zebrunner.carina.webdriver.decorator.ExtendedWebElement.click(ExtendedWebElement.java:416)
com.zebrunner.carina.webdriver.decorator.ExtendedWebElement.click(ExtendedWebElement.java:406)
com.zebrunner.carina.webdriver.decorator.ExtendedWebElement.click(ExtendedWebElement.java:397)
com.rimworld.carina.demo.mobile.gui.pages.android.TakabotoMain.goToAddWordPage(TakabotoMain.java:61)
com.rimworld.carina.demo.androidtest.TakobotoTest4.addNewWord(TakobotoTest4.java:16)
java.base/jdk.internal.reflect.DirectMethodHandleAccessor.invoke(DirectMethodHandleAccessor.java:104)
java.base/java.lang.reflect.Method.invoke(Method.java:578)
org.testng.internal.invokers.MethodInvocationHelper.invokeMethod(MethodInvocationHelper.java:139)
org.testng.internal.invokers.TestInvoker.invokeMethod(TestInvoker.java:677)
org.testng.internal.invokers.TestInvoker.invokeTestMethod(TestInvoker.java:221)
org.testng.internal.invokers.MethodRunner.runInSequence(MethodRunner.java:50)
org.testng.internal.invokers.TestInvoker$MethodInvocationAgent.invoke(TestInvoker.java:969)
org.testng.internal.invokers.TestInvoker.invokeTestMethods(TestInvoker.java:194)
org.testng.internal.invokers.TestMethodWorker.invokeTestMethods(TestMethodWorker.java:148)
org.testng.internal.invokers.TestMethodWorker.run(TestMethodWorker.java:128)
java.base/java.util.ArrayList.forEach(ArrayList.java:1511)
org.testng.TestRunner.privateRun(TestRunner.java:829)
org.testng.TestRunner.run(TestRunner.java:602)
org.testng.SuiteRunner.runTest(SuiteRunner.java:437)
org.testng.SuiteRunner.runSequentially(SuiteRunner.java:431)
org.testng.SuiteRunner.privateRun(SuiteRunner.java:391)
org.testng.SuiteRunner.run(SuiteRunner.java:330)
org.testng.SuiteRunnerWorker.runSuite(SuiteRunnerWorker.java:52)
org.testng.SuiteRunnerWorker.run(SuiteRunnerWorker.java:95)
org.testng.TestNG.runSuitesSequentially(TestNG.java:1256)
org.testng.TestNG.runSuitesLocally(TestNG.java:1176)
org.testng.TestNG.runSuites(TestNG.java:1099)
org.testng.TestNG.run(TestNG.java:1067)
com.intellij.rt.testng.IDEARemoteTestNG.run(IDEARemoteTestNG.java:65)
com.intellij.rt.testng.RemoteTestNGStarter.main(RemoteTestNGStarter.java:105)
[2024-12-12 08:53:00] [1] [ERROR] For some reason test method not found using reflection: addNewWord
