[2024-12-12 07:49:36] [1] [WARN] Reporting disabled: using no op test run registrar
[2024-12-12 07:49:36] [1] [INFO] TEST [RimworldTest - testOpenRimworldHomePage] STARTED at [16:49:36 2024-12-12]
[2024-12-12 07:49:36] [1] [WARN] Override property for current test 'capabilities.app=C:\Users\lauta\Desktop\Prog\takoboto.apk'!
[2024-12-12 07:49:36] [1] [INFO] Starting driver session...
[2024-12-12 07:49:36] [1] [ERROR] Failed to attach artifact reference 'app' to test run because it has not been started yet.
[2024-12-12 07:49:46] [1] [INFO] Driver session started.
[2024-12-12 07:49:47] [1] [INFO] PASS: element 'searchBar' is clicked.
[2024-12-12 07:49:48] [1] [ERROR] Undefined error on capture screenshot detected!
[2024-12-12 07:49:48] [1] [ERROR] Undefined error on capture screenshot detected!
[2024-12-12 07:49:48] [1] [ERROR] TEST [RimworldTest - testOpenRimworldHomePage] FAILED at [16:49:48 2024-12-12] - An unknown server-side error occurred while processing the command. Original error: 'POST /element' cannot be proxied to UiAutomator2 server because the instrumentation process is not running (probably crashed). Check the server log and/or the logcat output for more details
Build info: version: '4.12.0', revision: '249f2a7d1b*'
System info: os.name: 'Windows 11', os.arch: 'amd64', os.version: '10.0', java.version: '20.0.1'
Driver info: io.appium.java_client.android.AndroidDriver
Command: [9bf86997-5a66-4e4c-a7de-7fb361c38f85, findElement {using=id, value=jp.takoboto:id/editText1}]
Capabilities {appium:app: C:\Users\lauta\Desktop\Prog..., appium:appPackage: jp.takoboto, appium:autoGrantPermissions: true, appium:automationName: UiAutomator2, appium:databaseEnabled: false, appium:desired: {app: C:\Users\lauta\Desktop\Prog..., autoGrantPermissions: true, automationName: UiAutomator2, deviceName: Medium Phone API 35, deviceType: phone, language: en, locale: US, noSign: true, platformName: ANDROID, udid: emulator-5554}, appium:deviceApiLevel: 35, appium:deviceManufacturer: Google, appium:deviceModel: sdk_gphone64_x86_64, appium:deviceName: emulator-5554, appium:deviceScreenDensity: 420, appium:deviceScreenSize: 1080x2400, appium:deviceType: phone, appium:deviceUDID: emulator-5554, appium:javascriptEnabled: true, appium:language: en, appium:locale: US, appium:locationContextEnabled: false, appium:networkConnectionEnabled: true, appium:noSign: true, appium:pixelRatio: 2.625, appium:platformVersion: 15, appium:statBarHeight: 63, appium:takesScreenshot: true, appium:udid: emulator-5554, appium:viewportRect: {height: 2337, left: 0, top: 63, width: 1080}, appium:warnings: {}, appium:webStorageEnabled: false, platformName: ANDROID}
Session ID: 9bf86997-5a66-4e4c-a7de-7fb361c38f85

java.base/jdk.internal.reflect.DirectConstructorHandleAccessor.newInstance(DirectConstructorHandleAccessor.java:67)
java.base/java.lang.reflect.Constructor.newInstanceWithCaller(Constructor.java:500)
java.base/java.lang.reflect.Constructor.newInstance(Constructor.java:484)
org.openqa.selenium.remote.codec.w3c.W3CHttpResponseCodec.createException(W3CHttpResponseCodec.java:200)
org.openqa.selenium.remote.codec.w3c.W3CHttpResponseCodec.decode(W3CHttpResponseCodec.java:133)
org.openqa.selenium.remote.codec.w3c.W3CHttpResponseCodec.decode(W3CHttpResponseCodec.java:52)
org.openqa.selenium.remote.HttpCommandExecutor.execute(HttpCommandExecutor.java:191)
io.appium.java_client.remote.AppiumCommandExecutor.execute(AppiumCommandExecutor.java:262)
org.openqa.selenium.remote.RemoteWebDriver.execute(RemoteWebDriver.java:602)
org.openqa.selenium.remote.ElementLocation$ElementFinder$2.findElement(ElementLocation.java:165)
org.openqa.selenium.remote.ElementLocation.findElement(ElementLocation.java:59)
org.openqa.selenium.remote.RemoteWebDriver.findElement(RemoteWebDriver.java:359)
org.openqa.selenium.remote.RemoteWebDriver.findElement$original$D8kt9J1g(RemoteWebDriver.java:353)
org.openqa.selenium.remote.RemoteWebDriver.findElement$original$D8kt9J1g$accessor$Q9SqTHSm(RemoteWebDriver.java)
org.openqa.selenium.remote.RemoteWebDriver$auxiliary$rC8cO4mY.call(Unknown Source)
com.zebrunner.agent.core.webdriver.PublicMethodInvocationInterceptor.onPublicMethodInvocation(PublicMethodInvocationInterceptor.java:18)
org.openqa.selenium.remote.RemoteWebDriver.findElement(RemoteWebDriver.java)
io.appium.java_client.pagefactory.bys.ContentMappedBy.findElement(ContentMappedBy.java:50)
org.openqa.selenium.remote.ElementLocation$ElementFinder$1.findElement(ElementLocation.java:139)
org.openqa.selenium.remote.ElementLocation.findElement(ElementLocation.java:59)
org.openqa.selenium.remote.RemoteWebDriver.findElement(RemoteWebDriver.java:359)
org.openqa.selenium.remote.RemoteWebDriver.findElement$original$D8kt9J1g(RemoteWebDriver.java:353)
org.openqa.selenium.remote.RemoteWebDriver.findElement$original$D8kt9J1g$accessor$Q9SqTHSm(RemoteWebDriver.java)
org.openqa.selenium.remote.RemoteWebDriver$auxiliary$rC8cO4mY.call(Unknown Source)
com.zebrunner.agent.core.webdriver.PublicMethodInvocationInterceptor.onPublicMethodInvocation(PublicMethodInvocationInterceptor.java:18)
org.openqa.selenium.remote.RemoteWebDriver.findElement(RemoteWebDriver.java)
java.base/jdk.internal.reflect.DirectMethodHandleAccessor.invoke(DirectMethodHandleAccessor.java:104)
java.base/java.lang.reflect.Method.invoke(Method.java:578)
org.openqa.selenium.support.decorators.WebDriverDecorator.call(WebDriverDecorator.java:249)
org.openqa.selenium.support.decorators.DefaultDecorated.call(DefaultDecorated.java:48)
org.openqa.selenium.support.decorators.WebDriverDecorator.lambda$createProxy$2(WebDriverDecorator.java:321)
net.bytebuddy.renamed.java.lang.Object$ByteBuddy$KqpYLEBp.findElement(Unknown Source)
org.openqa.selenium.support.ui.ExpectedConditions$7.apply(ExpectedConditions.java:194)
org.openqa.selenium.support.ui.ExpectedConditions$7.apply(ExpectedConditions.java:190)
org.openqa.selenium.support.ui.ExpectedConditions$49.apply(ExpectedConditions.java:1396)
org.openqa.selenium.support.ui.ExpectedConditions$49.apply(ExpectedConditions.java:1390)
org.openqa.selenium.support.ui.FluentWait.until(FluentWait.java:205)
com.zebrunner.carina.webdriver.decorator.ExtendedWebElement.waitUntil(ExtendedWebElement.java:273)
com.zebrunner.carina.webdriver.decorator.ExtendedWebElement.doAction(ExtendedWebElement.java:1495)
com.zebrunner.carina.webdriver.decorator.ExtendedWebElement.type(ExtendedWebElement.java:620)
com.zebrunner.carina.webdriver.decorator.ExtendedWebElement.type(ExtendedWebElement.java:609)
com.zebrunner.carina.webdriver.decorator.ExtendedWebElement.type(ExtendedWebElement.java:599)
com.rimworld.carina.demo.mobile.gui.pages.android.TakabotoMain.enterWordinSearchbar(TakabotoMain.java:30)
com.rimworld.carina.demo.androidtest.TakabotoTest1.testOpenRimworldHomePage(TakabotoTest1.java:16)
java.base/jdk.internal.reflect.DirectMethodHandleAccessor.invoke(DirectMethodHandleAccessor.java:104)
java.base/java.lang.reflect.Method.invoke(Method.java:578)
org.testng.internal.invokers.MethodInvocationHelper.invokeMethod(MethodInvocationHelper.java:139)
org.testng.internal.invokers.TestInvoker.invokeMethod(TestInvoker.java:677)
org.testng.internal.invokers.TestInvoker.invokeTestMethod(TestInvoker.java:221)
org.testng.internal.invokers.MethodRunner.runInSequence(MethodRunner.java:50)
org.testng.internal.invokers.TestInvoker$MethodInvocationAgent.invoke(TestInvoker.java:969)
org.testng.internal.invokers.TestInvoker.invokeTestMethods(TestInvoker.java:194)
org.testng.internal.invokers.TestMethodWorker.invokeTestMethods(TestMethodWorker.java:148)
org.testng.internal.invokers.TestMethodWorker.run(TestMethodWorker.java:128)
java.base/java.util.ArrayList.forEach(ArrayList.java:1511)
org.testng.TestRunner.privateRun(TestRunner.java:829)
org.testng.TestRunner.run(TestRunner.java:602)
org.testng.SuiteRunner.runTest(SuiteRunner.java:437)
org.testng.SuiteRunner.runSequentially(SuiteRunner.java:431)
org.testng.SuiteRunner.privateRun(SuiteRunner.java:391)
org.testng.SuiteRunner.run(SuiteRunner.java:330)
org.testng.SuiteRunnerWorker.runSuite(SuiteRunnerWorker.java:52)
org.testng.SuiteRunnerWorker.run(SuiteRunnerWorker.java:95)
org.testng.TestNG.runSuitesSequentially(TestNG.java:1256)
org.testng.TestNG.runSuitesLocally(TestNG.java:1176)
org.testng.TestNG.runSuites(TestNG.java:1099)
org.testng.TestNG.run(TestNG.java:1067)
com.intellij.rt.testng.IDEARemoteTestNG.run(IDEARemoteTestNG.java:65)
com.intellij.rt.testng.RemoteTestNGStarter.main(RemoteTestNGStarter.java:105)
